<?xml version="1.0" encoding="UTF-8"?>
<!-- Generated by org.testng.reporters.JUnitXMLReporter -->
<testsuite ignored="0" hostname="DESKTOP-A9ARH4A" failures="0" tests="14" name="Create Credit Note" time="153.151" errors="0" timestamp="10 Dec 2020 15:58:45 GMT">
  <testcase classname="CROWN.CICOD.COM.Account.CreateCreditNote" name="login" time="7.718"/>
  <testcase classname="CROWN.CICOD.COM.Account.CreateCreditNote" name="CustomerOrderManagement" time="9.87"/>
  <testcase classname="CROWN.CICOD.COM.Account.CreateCreditNote" name="AccountButton" time="1.969"/>
  <testcase classname="CROWN.CICOD.COM.Account.CreateCreditNote" name="CreditNoteButton" time="2.58"/>
  <testcase classname="CROWN.CICOD.COM.Account.CreateCreditNote" name="CreateCreditNoteButton" time="3.701"/>
  <testcase classname="CROWN.CICOD.COM.Account.CreateCreditNote" name="InputCustomerName" time="6.542"/>
  <testcase classname="CROWN.CICOD.COM.Account.CreateCreditNote" name="SelectReason" time="1.953"/>
  <testcase classname="CROWN.CICOD.COM.Account.CreateCreditNote" name="inputInvoiceNumber" time="0.047"/>
  <testcase classname="CROWN.CICOD.COM.Account.CreateCreditNote" name="EnterQuantity" time="1.236"/>
  <testcase classname="CROWN.CICOD.COM.Account.CreateCreditNote" name="EnterAmount" time="1.236"/>
  <testcase classname="CROWN.CICOD.COM.Account.CreateCreditNote" name="Description" time="1.266"/>
  <testcase classname="CROWN.CICOD.COM.Account.CreateCreditNote" name="SendButton" time="2.253"/>
  <testcase classname="CROWN.CICOD.COM.Account.CreateCreditNote" name="AssertCreditNoteCreation" time="62.025">
    <skipped/>
  </testcase> <!-- AssertCreditNoteCreation -->
  <testcase classname="CROWN.CICOD.COM.Account.CreateCreditNote" name="AssertCreditNoteCreation" time="10.584"/>
</testsuite> <!-- Create Credit Note -->
