<?xml version="1.0" encoding="UTF-8"?>
<!-- Generated by org.testng.reporters.JUnitXMLReporter -->
<testsuite ignored="0" hostname="DESKTOP-A9ARH4A" failures="0" tests="6" name="Customer Account" time="51.29" errors="0" timestamp="10 Dec 2020 15:56:12 GMT">
  <testcase classname="CROWN.CICOD.COM.Account.CustomerAccount" name="login" time="8.139"/>
  <testcase classname="CROWN.CICOD.COM.Account.CustomerAccount" name="CustomerOrderManagement" time="9.512"/>
  <testcase classname="CROWN.CICOD.COM.Account.CustomerAccount" name="AccountButton" time="2.322"/>
  <testcase classname="CROWN.CICOD.COM.Account.CustomerAccount" name="CustomerAccountButton" time="3.231"/>
  <testcase classname="CROWN.CICOD.COM.Account.CustomerAccount" name="AssertCustomerAccount" time="1.021"/>
  <testcase classname="CROWN.CICOD.COM.Account.CustomerAccount" name="AssertValueofCustomerAccount" time="1.012"/>
</testsuite> <!-- Customer Account -->
