<?xml version="1.0" encoding="UTF-8"?>
<!-- Generated by org.testng.reporters.JUnitXMLReporter -->
<testsuite ignored="8" hostname="DESKTOP-A9ARH4A" failures="0" tests="5" name="DashBoard" time="336.829" errors="0" timestamp="03 Dec 2020 07:46:06 GMT">
  <testcase classname="CROWN.CICOD.COM.DashBoard.OrderFufilmentDashboard" name="ORDER_FUFILLMENT" time="41.834"/>
  <testcase classname="CROWN.CICOD.COM.DashBoard.SalesTargetDashBoard" name="SALES_TARGET_DASHBOARD" time="46.044"/>
  <testcase classname="CROWN.CICOD.COM.DashBoard.VarianceReportDashboard" name="View_Variance_report_DashBoard" time="52.415"/>
  <testcase classname="CROWN.CICOD.COM.DashBoard.View_DashBoard_By_Date" name="VIEW_DASHBOARD" time="27.666"/>
  <testcase classname="CROWN.CICOD.COM.DashBoard.ProductDashboard" name="PRODUCT_DASHBOARD" time="26.46"/>
  <testcase classname="CROWN.Base.TestBase" name="@BeforeSuite setup" time="0.0">
    <ignored/>
  </testcase> <!-- @BeforeSuite setup -->
  <testcase classname="CROWN.Base.TestBase" name="@BeforeSuite setup" time="0.0">
    <ignored/>
  </testcase> <!-- @BeforeSuite setup -->
  <testcase classname="CROWN.Base.TestBase" name="@BeforeSuite setup" time="0.0">
    <ignored/>
  </testcase> <!-- @BeforeSuite setup -->
  <testcase classname="CROWN.Base.TestBase" name="@BeforeSuite setup" time="0.0">
    <ignored/>
  </testcase> <!-- @BeforeSuite setup -->
  <testcase classname="CROWN.Base.TestBase" name="@AfterTest AfterTest" time="0.0">
    <ignored/>
  </testcase> <!-- @AfterTest AfterTest -->
  <testcase classname="CROWN.Base.TestBase" name="@AfterTest AfterTest" time="0.0">
    <ignored/>
  </testcase> <!-- @AfterTest AfterTest -->
  <testcase classname="CROWN.Base.TestBase" name="@AfterTest AfterTest" time="0.0">
    <ignored/>
  </testcase> <!-- @AfterTest AfterTest -->
  <testcase classname="CROWN.Base.TestBase" name="@AfterTest AfterTest" time="0.0">
    <ignored/>
  </testcase> <!-- @AfterTest AfterTest -->
</testsuite> <!-- DashBoard -->
