<?xml version="1.0" encoding="UTF-8"?>
<!-- Generated by org.testng.reporters.JUnitXMLReporter -->
<testsuite ignored="0" hostname="DESKTOP-A9ARH4A" failures="0" tests="6" name="Order History" time="57.245" errors="0" timestamp="10 Dec 2020 15:50:34 GMT">
  <testcase classname="CROWN.CICOD.COM.Account.CustomerAccount" name="loginAsAdmin" time="8.582"/>
  <testcase classname="CROWN.CICOD.COM.Account.CustomerAccount" name="CustomerOrderManagement" time="13.948"/>
  <testcase classname="CROWN.CICOD.COM.Account.CustomerAccount" name="AccountButton" time="2.331"/>
  <testcase classname="CROWN.CICOD.COM.Account.CustomerAccount" name="CustomerAccountButton" time="3.039"/>
  <testcase classname="CROWN.CICOD.COM.Account.CustomerAccount" name="AssertCustomerAccount" time="1.123"/>
  <testcase classname="CROWN.CICOD.COM.Account.CustomerAccount" name="AssertValueofCustomerAccount" time="1.017"/>
</testsuite> <!-- Order History -->
